2022-09-25 16:39:32.495  WARN 487240 --- [restartedMain] JpaBaseConfiguration$JpaWebConfiguration : spring.jpa.open-in-view is enabled by default. Therefore, database queries may be performed during view rendering. Explicitly configure spring.jpa.open-in-view to disable this warning
2022-09-25 16:40:52.575  INFO 487939 --- [restartedMain] .r.c.CustomPropertyManagementApplication : Starting CustomPropertyManagementApplication using Java 17.0.1 on softgen-pc with PID 487939 (/home/softgen/IdeaProjects/custom-property-management/build/classes/java/main started by softgen in /home/softgen/IdeaProjects/custom-property-management)
2022-09-25 16:40:52.579  INFO 487939 --- [restartedMain] .r.c.CustomPropertyManagementApplication : No active profile set, falling back to 1 default profile: "default"
2022-09-25 16:40:52.703  INFO 487939 --- [restartedMain] .e.DevToolsPropertyDefaultsPostProcessor : Devtools property defaults active! Set 'spring.devtools.add-properties' to 'false' to disable
2022-09-25 16:40:52.707  INFO 487939 --- [restartedMain] .e.DevToolsPropertyDefaultsPostProcessor : For additional web related logging consider setting the 'logging.level.web' property to 'DEBUG'
2022-09-25 16:40:55.074  INFO 487939 --- [restartedMain] .s.d.r.c.RepositoryConfigurationDelegate : Bootstrapping Spring Data JPA repositories in DEFAULT mode.
2022-09-25 16:40:55.430  INFO 487939 --- [restartedMain] .s.d.r.c.RepositoryConfigurationDelegate : Finished Spring Data repository scanning in 323 ms. Found 6 JPA repository interfaces.
2022-09-25 16:40:58.334  INFO 487939 --- [restartedMain] o.s.b.w.embedded.tomcat.TomcatWebServer  : Tomcat initialized with port(s): 8080 (http)
2022-09-25 16:40:58.364  INFO 487939 --- [restartedMain] o.apache.catalina.core.StandardService   : Starting service [Tomcat]
2022-09-25 16:40:58.365  INFO 487939 --- [restartedMain] org.apache.catalina.core.StandardEngine  : Starting Servlet engine: [Apache Tomcat/9.0.65]
2022-09-25 16:40:58.590  INFO 487939 --- [restartedMain] o.a.c.c.C.[Tomcat].[localhost].[/]       : Initializing Spring embedded WebApplicationContext
2022-09-25 16:40:58.593  INFO 487939 --- [restartedMain] w.s.c.ServletWebServerApplicationContext : Root WebApplicationContext: initialization completed in 5881 ms
2022-09-25 16:40:59.150  INFO 487939 --- [restartedMain] o.hibernate.jpa.internal.util.LogHelper  : HHH000204: Processing PersistenceUnitInfo [name: default]
2022-09-25 16:40:59.298  INFO 487939 --- [restartedMain] org.hibernate.Version                    : HHH000412: Hibernate ORM core version 5.6.10.Final
2022-09-25 16:40:59.699  INFO 487939 --- [restartedMain] o.hibernate.annotations.common.Version   : HCANN000001: Hibernate Commons Annotations {5.1.2.Final}
2022-09-25 16:40:59.901  INFO 487939 --- [restartedMain] com.zaxxer.hikari.HikariDataSource       : HikariPool-1 - Starting...
2022-09-25 16:41:00.141  INFO 487939 --- [restartedMain] com.zaxxer.hikari.HikariDataSource       : HikariPool-1 - Start completed.
2022-09-25 16:41:00.209  INFO 487939 --- [restartedMain] org.hibernate.dialect.Dialect            : HHH000400: Using dialect: org.hibernate.dialect.PostgreSQL95Dialect
2022-09-25 16:41:02.794  INFO 487939 --- [restartedMain] o.h.e.t.j.p.i.JtaPlatformInitiator       : HHH000490: Using JtaPlatform implementation: [org.hibernate.engine.transaction.jta.platform.internal.NoJtaPlatform]
2022-09-25 16:41:02.814  INFO 487939 --- [restartedMain] j.LocalContainerEntityManagerFactoryBean : Initialized JPA EntityManagerFactory for persistence unit 'default'
2022-09-25 16:41:03.999  WARN 487939 --- [restartedMain] JpaBaseConfiguration$JpaWebConfiguration : spring.jpa.open-in-view is enabled by default. Therefore, database queries may be performed during view rendering. Explicitly configure spring.jpa.open-in-view to disable this warning
2022-09-25 16:41:04.492  INFO 487939 --- [restartedMain] o.s.s.web.DefaultSecurityFilterChain     : Will secure any request with [org.springframework.security.web.session.DisableEncodeUrlFilter@3ec72979, org.springframework.security.web.context.request.async.WebAsyncManagerIntegrationFilter@110ba542, org.springframework.security.web.context.SecurityContextPersistenceFilter@43f137c6, org.springframework.security.web.header.HeaderWriterFilter@78adb594, org.springframework.web.filter.CorsFilter@4a74c069, org.springframework.security.web.authentication.logout.LogoutFilter@48e253e5, ge.redmed.custompropertymanagement.filter.CustomAuthorizationFilter@22cb571e, ge.redmed.custompropertymanagement.filter.CustomAuthenticationFilter@25402edf, org.springframework.security.web.savedrequest.RequestCacheAwareFilter@3bbc232f, org.springframework.security.web.servletapi.SecurityContextHolderAwareRequestFilter@4ce44577, org.springframework.security.web.authentication.AnonymousAuthenticationFilter@692dae80, org.springframework.security.web.session.SessionManagementFilter@361f1e4f, org.springframework.security.web.access.ExceptionTranslationFilter@76912e4, org.springframework.security.web.access.intercept.FilterSecurityInterceptor@15721620]
2022-09-25 16:41:04.781  INFO 487939 --- [restartedMain] o.s.b.d.a.OptionalLiveReloadServer       : LiveReload server is running on port 35729
2022-09-25 16:41:04.837  INFO 487939 --- [restartedMain] o.s.b.w.embedded.tomcat.TomcatWebServer  : Tomcat started on port(s): 8080 (http) with context path ''
2022-09-25 16:41:04.860  INFO 487939 --- [restartedMain] .r.c.CustomPropertyManagementApplication : Started CustomPropertyManagementApplication in 12.97 seconds (JVM running for 14.626)
2022-09-25 16:49:48.503  INFO 487939 --- [SpringApplicationShutdownHook] j.LocalContainerEntityManagerFactoryBean : Closing JPA EntityManagerFactory for persistence unit 'default'
2022-09-25 16:49:48.518  INFO 487939 --- [SpringApplicationShutdownHook] com.zaxxer.hikari.HikariDataSource       : HikariPool-1 - Shutdown initiated...
2022-09-25 16:49:48.527  INFO 487939 --- [SpringApplicationShutdownHook] com.zaxxer.hikari.HikariDataSource       : HikariPool-1 - Shutdown completed.
2022-09-25 16:49:54.670  INFO 491772 --- [restartedMain] .r.c.CustomPropertyManagementApplication : Starting CustomPropertyManagementApplication using Java 17.0.1 on softgen-pc with PID 491772 (/home/softgen/IdeaProjects/custom-property-management/build/classes/java/main started by softgen in /home/softgen/IdeaProjects/custom-property-management)
2022-09-25 16:49:54.678  INFO 491772 --- [restartedMain] .r.c.CustomPropertyManagementApplication : No active profile set, falling back to 1 default profile: "default"
2022-09-25 16:49:54.779  INFO 491772 --- [restartedMain] .e.DevToolsPropertyDefaultsPostProcessor : Devtools property defaults active! Set 'spring.devtools.add-properties' to 'false' to disable
2022-09-25 16:49:54.779  INFO 491772 --- [restartedMain] .e.DevToolsPropertyDefaultsPostProcessor : For additional web related logging consider setting the 'logging.level.web' property to 'DEBUG'
2022-09-25 16:49:58.123  INFO 491772 --- [restartedMain] .s.d.r.c.RepositoryConfigurationDelegate : Bootstrapping Spring Data JPA repositories in DEFAULT mode.
2022-09-25 16:49:58.593  INFO 491772 --- [restartedMain] .s.d.r.c.RepositoryConfigurationDelegate : Finished Spring Data repository scanning in 411 ms. Found 6 JPA repository interfaces.
2022-09-25 16:50:03.026  INFO 491772 --- [restartedMain] o.s.b.w.embedded.tomcat.TomcatWebServer  : Tomcat initialized with port(s): 8080 (http)
2022-09-25 16:50:03.069  INFO 491772 --- [restartedMain] o.apache.catalina.core.StandardService   : Starting service [Tomcat]
2022-09-25 16:50:03.071  INFO 491772 --- [restartedMain] org.apache.catalina.core.StandardEngine  : Starting Servlet engine: [Apache Tomcat/9.0.65]
2022-09-25 16:50:03.326  INFO 491772 --- [restartedMain] o.a.c.c.C.[Tomcat].[localhost].[/]       : Initializing Spring embedded WebApplicationContext
2022-09-25 16:50:03.328  INFO 491772 --- [restartedMain] w.s.c.ServletWebServerApplicationContext : Root WebApplicationContext: initialization completed in 8548 ms
2022-09-25 16:50:04.304  INFO 491772 --- [restartedMain] o.hibernate.jpa.internal.util.LogHelper  : HHH000204: Processing PersistenceUnitInfo [name: default]
2022-09-25 16:50:04.533  INFO 491772 --- [restartedMain] org.hibernate.Version                    : HHH000412: Hibernate ORM core version 5.6.10.Final
2022-09-25 16:50:05.550  INFO 491772 --- [restartedMain] o.hibernate.annotations.common.Version   : HCANN000001: Hibernate Commons Annotations {5.1.2.Final}
2022-09-25 16:50:06.023  INFO 491772 --- [restartedMain] com.zaxxer.hikari.HikariDataSource       : HikariPool-1 - Starting...
2022-09-25 16:50:06.632  INFO 491772 --- [restartedMain] com.zaxxer.hikari.HikariDataSource       : HikariPool-1 - Start completed.
2022-09-25 16:50:06.873  INFO 491772 --- [restartedMain] org.hibernate.dialect.Dialect            : HHH000400: Using dialect: org.hibernate.dialect.PostgreSQL95Dialect
2022-09-25 16:50:11.134  INFO 491772 --- [restartedMain] o.h.e.t.j.p.i.JtaPlatformInitiator       : HHH000490: Using JtaPlatform implementation: [org.hibernate.engine.transaction.jta.platform.internal.NoJtaPlatform]
2022-09-25 16:50:11.173  INFO 491772 --- [restartedMain] j.LocalContainerEntityManagerFactoryBean : Initialized JPA EntityManagerFactory for persistence unit 'default'
2022-09-25 16:50:13.712  WARN 491772 --- [restartedMain] JpaBaseConfiguration$JpaWebConfiguration : spring.jpa.open-in-view is enabled by default. Therefore, database queries may be performed during view rendering. Explicitly configure spring.jpa.open-in-view to disable this warning
2022-09-25 16:50:15.063  INFO 491772 --- [restartedMain] o.s.s.web.DefaultSecurityFilterChain     : Will secure any request with [org.springframework.security.web.session.DisableEncodeUrlFilter@3e89831c, org.springframework.security.web.context.request.async.WebAsyncManagerIntegrationFilter@1007a3b2, org.springframework.security.web.context.SecurityContextPersistenceFilter@2679b123, org.springframework.security.web.header.HeaderWriterFilter@60797402, org.springframework.web.filter.CorsFilter@7182fef1, org.springframework.security.web.authentication.logout.LogoutFilter@5b8a2b0b, ge.redmed.custompropertymanagement.filter.CustomAuthorizationFilter@900bf4e, ge.redmed.custompropertymanagement.filter.CustomAuthenticationFilter@7be34c11, org.springframework.security.web.savedrequest.RequestCacheAwareFilter@61f3a714, org.springframework.security.web.servletapi.SecurityContextHolderAwareRequestFilter@4169f943, org.springframework.security.web.authentication.AnonymousAuthenticationFilter@56d46aec, org.springframework.security.web.session.SessionManagementFilter@e0f6492, org.springframework.security.web.access.ExceptionTranslationFilter@4f013835, org.springframework.security.web.access.intercept.FilterSecurityInterceptor@516596c1]
2022-09-25 16:50:16.263  INFO 491772 --- [restartedMain] o.s.b.d.a.OptionalLiveReloadServer       : LiveReload server is running on port 35729
2022-09-25 16:50:16.740  INFO 491772 --- [restartedMain] o.s.b.w.embedded.tomcat.TomcatWebServer  : Tomcat started on port(s): 8080 (http) with context path ''
2022-09-25 16:50:16.909  INFO 491772 --- [restartedMain] .r.c.CustomPropertyManagementApplication : Started CustomPropertyManagementApplication in 23.365 seconds (JVM running for 25.162)
